Compiling the C compiler identification source file "CMakeCCompilerId.c" failed.
Compiler: /usr/bin/arm-none-eabi-gcc 
Build flags: -O0;-g;-pipe;-mthumb;-mcpu=cortex-m3;-std=gnu11;-ffunction-sections;-fomit-frame-pointer;-fdata-sections;-fno-builtin;-Wl,--gc-sections;-DSTM32F10X_XL;-DHSE_VALUE=8000000;-DUSE_STDPERIPH_DRIVER
Id flags:  

The output was:
1
/usr/lib/gcc/arm-none-eabi/10.2.0/../../../../arm-none-eabi/bin/ld: /usr/lib/gcc/arm-none-eabi/10.2.0/../../../../arm-none-eabi/lib/thumb/v7-m/nofp/libg.a(lib_a-exit.o): in function `exit':
exit.c:(.text.exit+0x16): undefined reference to `_exit'
collect2: error: ld returned 1 exit status


Compiling the CXX compiler identification source file "CMakeCXXCompilerId.cpp" failed.
Compiler: /usr/bin/arm-none-eabi-g++ 
Build flags: -O0;-g;-pipe;-mthumb;-mcpu=cortex-m3;-std=gnu++20;-flto;-ffunction-sections;-fomit-frame-pointer;-fdata-sections;-fno-builtin;-fexceptions;-Wl,--gc-sections;-fconcepts-diagnostics-depth=4;-DSTM32F10X_XL;-DHSE_VALUE=8000000;-DUSE_STDPERIPH_DRIVER
Id flags:  

The output was:
1
/usr/lib/gcc/arm-none-eabi/10.2.0/../../../../arm-none-eabi/bin/ld: /usr/lib/gcc/arm-none-eabi/10.2.0/../../../../arm-none-eabi/lib/thumb/v7-m/nofp/libg.a(lib_a-exit.o): in function `exit':
exit.c:(.text.exit+0x16): undefined reference to `_exit'
collect2: error: ld returned 1 exit status


Compiling the C compiler identification source file "CMakeCCompilerId.c" failed.
Compiler: /usr/bin/arm-none-eabi-gcc 
Build flags: -O0;-g;-pipe;-mthumb;-mcpu=cortex-m3;-std=gnu11;-ffunction-sections;-fomit-frame-pointer;-fdata-sections;-fno-builtin;-Wl,--gc-sections;-DSTM32F10X_XL;-DHSE_VALUE=8000000;-DUSE_STDPERIPH_DRIVER
Id flags:  

The output was:
1
/usr/lib/gcc/arm-none-eabi/10.2.0/../../../../arm-none-eabi/bin/ld: /usr/lib/gcc/arm-none-eabi/10.2.0/../../../../arm-none-eabi/lib/thumb/v7-m/nofp/libg.a(lib_a-exit.o): in function `exit':
exit.c:(.text.exit+0x16): undefined reference to `_exit'
collect2: error: ld returned 1 exit status


Compiling the CXX compiler identification source file "CMakeCXXCompilerId.cpp" failed.
Compiler: /usr/bin/arm-none-eabi-g++ 
Build flags: -O0;-g;-pipe;-mthumb;-mcpu=cortex-m3;-std=gnu++20;-flto;-ffunction-sections;-fomit-frame-pointer;-fdata-sections;-fno-builtin;-fexceptions;-Wl,--gc-sections;-fconcepts-diagnostics-depth=4;-DSTM32F10X_XL;-DHSE_VALUE=8000000;-DUSE_STDPERIPH_DRIVER
Id flags:  

The output was:
1
/usr/lib/gcc/arm-none-eabi/10.2.0/../../../../arm-none-eabi/bin/ld: /usr/lib/gcc/arm-none-eabi/10.2.0/../../../../arm-none-eabi/lib/thumb/v7-m/nofp/libg.a(lib_a-exit.o): in function `exit':
exit.c:(.text.exit+0x16): undefined reference to `_exit'
collect2: error: ld returned 1 exit status


